<?xml version="1.0" encoding="UTF-8"?>
<testng-results ignored="0" total="1" passed="1" failed="0" skipped="0">
  <reporter-output>
  </reporter-output>
  <suite started-at="2021-10-18T21:52:18 IST" name="Default suite" finished-at="2021-10-18T21:52:18 IST" duration-ms="22">
    <groups>
    </groups>
    <test started-at="2021-10-18T21:52:18 IST" name="Default test" finished-at="2021-10-18T21:52:18 IST" duration-ms="22">
      <class name="Base.BaseClass">
        <test-method signature="sampletest()[pri:0, instance:Base.BaseClass@69fb6037]" started-at="2021-10-18T21:52:18 IST" name="sampletest" finished-at="2021-10-18T21:52:18 IST" duration-ms="4" status="PASS">
          <reporter-output>
          </reporter-output>
        </test-method> <!-- sampletest -->
      </class> <!-- Base.BaseClass -->
    </test> <!-- Default test -->
  </suite> <!-- Default suite -->
</testng-results>
